0 info it worked if it ends with ok
1 verbose cli [ '/Users/shelleybassett/.nvm/v0.10.48/bin/node',
1 verbose cli   '/Users/shelleybassett/.nvm/v0.10.48/bin/npm',
1 verbose cli   'run',
1 verbose cli   'develop' ]
2 info using npm@2.15.1
3 info using node@v0.10.48
4 verbose stack Error: missing script: develop
4 verbose stack     at run (/Users/shelleybassett/.nvm/v0.10.48/lib/node_modules/npm/lib/run-script.js:142:19)
4 verbose stack     at /Users/shelleybassett/.nvm/v0.10.48/lib/node_modules/npm/lib/run-script.js:58:5
4 verbose stack     at /Users/shelleybassett/.nvm/v0.10.48/lib/node_modules/npm/node_modules/read-package-json/read-json.js:345:5
4 verbose stack     at checkBinReferences_ (/Users/shelleybassett/.nvm/v0.10.48/lib/node_modules/npm/node_modules/read-package-json/read-json.js:309:45)
4 verbose stack     at final (/Users/shelleybassett/.nvm/v0.10.48/lib/node_modules/npm/node_modules/read-package-json/read-json.js:343:3)
4 verbose stack     at then (/Users/shelleybassett/.nvm/v0.10.48/lib/node_modules/npm/node_modules/read-package-json/read-json.js:113:5)
4 verbose stack     at /Users/shelleybassett/.nvm/v0.10.48/lib/node_modules/npm/node_modules/read-package-json/read-json.js:232:12
4 verbose stack     at /Users/shelleybassett/.nvm/v0.10.48/lib/node_modules/npm/node_modules/graceful-fs/graceful-fs.js:78:16
4 verbose stack     at fs.js:272:14
4 verbose stack     at /Users/shelleybassett/.nvm/v0.10.48/lib/node_modules/npm/node_modules/graceful-fs/graceful-fs.js:43:10
5 verbose cwd /Volumes/Eugenie/brolgadigital
6 error Darwin 20.6.0
7 error argv "/Users/shelleybassett/.nvm/v0.10.48/bin/node" "/Users/shelleybassett/.nvm/v0.10.48/bin/npm" "run" "develop"
8 error node v0.10.48
9 error npm  v2.15.1
10 error missing script: develop
11 error If you need help, you may report this error at:
11 error     <https://github.com/npm/npm/issues>
12 verbose exit [ 1, true ]
